# JRE version: 7.0_21-b11
# Java VM: Java HotSpot(TM) 64-Bit Server VM (23.21-b01 mixed mode windows-amd64 compressed oops)
Heap
 PSYoungGen      total 140736K, used 65326K [0x00000007d62b0000, 0x00000007e1290000, 0x0000000800000000)
  eden space 118848K, 36% used [0x00000007d62b0000,0x00000007d8d1cdc0,0x00000007dd6c0000)
  from space 21888K, 99% used [0x00000007df230000,0x00000007e078ec38,0x00000007e0790000)
  to   space 28096K, 0% used [0x00000007dd6c0000,0x00000007dd6c0000,0x00000007df230000)
 ParOldGen       total 76352K, used 37121K [0x0000000782800000, 0x0000000787290000, 0x00000007d62b0000)
  object space 76352K, 48% used [0x0000000782800000,0x0000000784c40500,0x0000000787290000)
 PSPermGen       total 42816K, used 28036K [0x000000077d600000, 0x000000077ffd0000, 0x0000000782800000)
  object space 42816K, 65% used [0x000000077d600000,0x000000077f161220,0x000000077ffd0000)
GC Heap History (10 events):
Event: 13.033 GC heap before
{Heap before GC invocations=5 (full 0):
 PSYoungGen      total 37504K, used 37438K [0x00000007d62b0000, 0x00000007dabf0000, 0x0000000800000000)
  eden space 32192K, 99% used [0x00000007d62b0000,0x00000007d82132d0,0x00000007d8220000)
  from space 5312K, 99% used [0x00000007d8750000,0x00000007d8c7c7c0,0x00000007d8c80000)
  to   space 5312K, 0% used [0x00000007d8220000,0x00000007d8220000,0x00000007d8750000)
 ParOldGen       total 85696K, used 26172K [0x0000000782800000, 0x0000000787bb0000, 0x00000007d62b0000)
  object space 85696K, 30% used [0x0000000782800000,0x000000078418f190,0x0000000787bb0000)
 PSPermGen       total 21248K, used 21126K [0x000000077d600000, 0x000000077eac0000, 0x0000000782800000)
  object space 21248K, 99% used [0x000000077d600000,0x000000077eaa1bd0,0x000000077eac0000)
Event: 13.044 GC heap after
Heap after GC invocations=5 (full 0):
 PSYoungGen      total 37504K, used 5297K [0x00000007d62b0000, 0x00000007dc950000, 0x0000000800000000)
  eden space 32192K, 0% used [0x00000007d62b0000,0x00000007d62b0000,0x00000007d8220000)
  from space 5312K, 99% used [0x00000007d8220000,0x00000007d874c7c0,0x00000007d8750000)
  to   space 20352K, 0% used [0x00000007db570000,0x00000007db570000,0x00000007dc950000)
 ParOldGen       total 85696K, used 29000K [0x0000000782800000, 0x0000000787bb0000, 0x00000007d62b0000)
  object space 85696K, 33% used [0x0000000782800000,0x0000000784452100,0x0000000787bb0000)
 PSPermGen       total 21248K, used 21126K [0x000000077d600000, 0x000000077eac0000, 0x0000000782800000)
  object space 21248K, 99% used [0x000000077d600000,0x000000077eaa1bd0,0x000000077eac0000)
}
Event: 13.105 GC heap before
{Heap before GC invocations=6 (full 0):
 PSYoungGen      total 37504K, used 37454K [0x00000007d62b0000, 0x00000007dc950000, 0x0000000800000000)
  eden space 32192K, 99% used [0x00000007d62b0000,0x00000007d8217130,0x00000007d8220000)
  from space 5312K, 99% used [0x00000007d8220000,0x00000007d874c7c0,0x00000007d8750000)
  to   space 20352K, 0% used [0x00000007db570000,0x00000007db570000,0x00000007dc950000)
 ParOldGen       total 85696K, used 62548K [0x0000000782800000, 0x0000000787bb0000, 0x00000007d62b0000)
  object space 85696K, 72% used [0x0000000782800000,0x0000000786515360,0x0000000787bb0000)
 PSPermGen       total 21248K, used 21126K [0x000000077d600000, 0x000000077eac0000, 0x0000000782800000)
  object space 21248K, 99% used [0x000000077d600000,0x000000077eaa1bd0,0x000000077eac0000)
Event: 13.116 GC heap after
Heap after GC invocations=6 (full 0):
 PSYoungGen      total 82432K, used 8055K [0x00000007d62b0000, 0x00000007dc710000, 0x0000000800000000)
  eden space 64384K, 0% used [0x00000007d62b0000,0x00000007d62b0000,0x00000007da190000)
  from space 18048K, 44% used [0x00000007db570000,0x00000007dbd4df40,0x00000007dc710000)
  to   space 19200K, 0% used [0x00000007da190000,0x00000007da190000,0x00000007db450000)
 ParOldGen       total 85696K, used 62548K [0x0000000782800000, 0x0000000787bb0000, 0x00000007d62b0000)
  object space 85696K, 72% used [0x0000000782800000,0x0000000786515360,0x0000000787bb0000)
 PSPermGen       total 21248K, used 21126K [0x000000077d600000, 0x000000077eac0000, 0x0000000782800000)
  object space 21248K, 99% used [0x000000077d600000,0x000000077eaa1bd0,0x000000077eac0000)
}
Event: 13.177 GC heap before
{Heap before GC invocations=7 (full 1):
 PSYoungGen      total 82432K, used 72280K [0x00000007d62b0000, 0x00000007dc710000, 0x0000000800000000)
  eden space 64384K, 99% used [0x00000007d62b0000,0x00000007da1682e0,0x00000007da190000)
  from space 18048K, 44% used [0x00000007db570000,0x00000007dbd4df40,0x00000007dc710000)
  to   space 19200K, 0% used [0x00000007da190000,0x00000007da190000,0x00000007db450000)
 ParOldGen       total 95680K, used 95548K [0x0000000782800000, 0x0000000788570000, 0x00000007d62b0000)
  object space 95680K, 99% used [0x0000000782800000,0x000000078854f228,0x0000000788570000)
 PSPermGen       total 21248K, used 21127K [0x000000077d600000, 0x000000077eac0000, 0x0000000782800000)
  object space 21248K, 99% used [0x000000077d600000,0x000000077eaa1c90,0x000000077eac0000)
Event: 13.282 GC heap after
Heap after GC invocations=7 (full 1):
 PSYoungGen      total 82432K, used 0K [0x00000007d62b0000, 0x00000007dc710000, 0x0000000800000000)
  eden space 64384K, 0% used [0x00000007d62b0000,0x00000007d62b0000,0x00000007da190000)
  from space 18048K, 0% used [0x00000007db570000,0x00000007db570000,0x00000007dc710000)
  to   space 19200K, 0% used [0x00000007da190000,0x00000007da190000,0x00000007db450000)
 ParOldGen       total 76352K, used 28083K [0x0000000782800000, 0x0000000787290000, 0x00000007d62b0000)
  object space 76352K, 36% used [0x0000000782800000,0x000000078436ccd0,0x0000000787290000)
 PSPermGen       total 42816K, used 21118K [0x000000077d600000, 0x000000077ffd0000, 0x0000000782800000)
  object space 42816K, 49% used [0x000000077d600000,0x000000077ea9fa20,0x000000077ffd0000)
}
Event: 16.639 GC heap before
{Heap before GC invocations=8 (full 1):
 PSYoungGen      total 82432K, used 64384K [0x00000007d62b0000, 0x00000007dc710000, 0x0000000800000000)
  eden space 64384K, 100% used [0x00000007d62b0000,0x00000007da190000,0x00000007da190000)
  from space 18048K, 0% used [0x00000007db570000,0x00000007db570000,0x00000007dc710000)
  to   space 19200K, 0% used [0x00000007da190000,0x00000007da190000,0x00000007db450000)
 ParOldGen       total 76352K, used 30853K [0x0000000782800000, 0x0000000787290000, 0x00000007d62b0000)
  object space 76352K, 40% used [0x0000000782800000,0x0000000784621728,0x0000000787290000)
 PSPermGen       total 42816K, used 24009K [0x000000077d600000, 0x000000077ffd0000, 0x0000000782800000)
  object space 42816K, 56% used [0x000000077d600000,0x000000077ed72530,0x000000077ffd0000)
Event: 16.652 GC heap after
Heap after GC invocations=8 (full 1):
 PSYoungGen      total 83584K, used 17759K [0x00000007d62b0000, 0x00000007e0790000, 0x0000000800000000)
  eden space 64384K, 0% used [0x00000007d62b0000,0x00000007d62b0000,0x00000007da190000)
  from space 19200K, 92% used [0x00000007da190000,0x00000007db2e7da8,0x00000007db450000)
  to   space 21888K, 0% used [0x00000007df230000,0x00000007df230000,0x00000007e0790000)
 ParOldGen       total 76352K, used 30861K [0x0000000782800000, 0x0000000787290000, 0x00000007d62b0000)
  object space 76352K, 40% used [0x0000000782800000,0x0000000784623728,0x0000000787290000)
 PSPermGen       total 42816K, used 24009K [0x000000077d600000, 0x000000077ffd0000, 0x0000000782800000)
  object space 42816K, 56% used [0x000000077d600000,0x000000077ed72530,0x000000077ffd0000)
}
Event: 20.987 GC heap before
{Heap before GC invocations=9 (full 1):
 PSYoungGen      total 83584K, used 82143K [0x00000007d62b0000, 0x00000007e0790000, 0x0000000800000000)
  eden space 64384K, 100% used [0x00000007d62b0000,0x00000007da190000,0x00000007da190000)
  from space 19200K, 92% used [0x00000007da190000,0x00000007db2e7da8,0x00000007db450000)
  to   space 21888K, 0% used [0x00000007df230000,0x00000007df230000,0x00000007e0790000)
 ParOldGen       total 76352K, used 30914K [0x0000000782800000, 0x0000000787290000, 0x00000007d62b0000)
  object space 76352K, 40% used [0x0000000782800000,0x0000000784630850,0x0000000787290000)
 PSPermGen       total 42816K, used 27538K [0x000000077d600000, 0x000000077ffd0000, 0x0000000782800000)
  object space 42816K, 64% used [0x000000077d600000,0x000000077f0e4ab0,0x000000077ffd0000)
Event: 21.009 GC heap after
Heap after GC invocations=9 (full 1):
 PSYoungGen      total 140736K, used 21883K [0x00000007d62b0000, 0x00000007e1290000, 0x0000000800000000)
  eden space 118848K, 0% used [0x00000007d62b0000,0x00000007d62b0000,0x00000007dd6c0000)
  from space 21888K, 99% used [0x00000007df230000,0x00000007e078ec38,0x00000007e0790000)
  to   space 28096K, 0% used [0x00000007dd6c0000,0x00000007dd6c0000,0x00000007df230000)
 ParOldGen       total 76352K, used 37121K [0x0000000782800000, 0x0000000787290000, 0x00000007d62b0000)
  object space 76352K, 48% used [0x0000000782800000,0x0000000784c40500,0x0000000787290000)
 PSPermGen       total 42816K, used 27538K [0x000000077d600000, 0x000000077ffd0000, 0x0000000782800000)
  object space 42816K, 64% used [0x000000077d600000,0x000000077f0e4ab0,0x000000077ffd0000)
}

